mode: set
webApp/cmd/web/db.go:12.42,14.16 2 0
webApp/cmd/web/db.go:14.16,16.3 1 0
webApp/cmd/web/db.go:19.2,20.16 2 0
webApp/cmd/web/db.go:20.16,22.3 1 0
webApp/cmd/web/db.go:24.2,24.16 1 0
webApp/cmd/web/db.go:27.56,29.16 2 0
webApp/cmd/web/db.go:29.16,31.3 1 0
webApp/cmd/web/db.go:33.2,35.24 2 0
webApp/cmd/web/forms.go:11.42,13.26 2 1
webApp/cmd/web/forms.go:13.26,15.3 1 1
webApp/cmd/web/forms.go:17.2,17.22 1 1
webApp/cmd/web/forms.go:21.44,23.2 1 1
webApp/cmd/web/forms.go:32.37,37.2 1 1
webApp/cmd/web/forms.go:40.39,42.13 2 1
webApp/cmd/web/forms.go:42.13,44.3 1 1
webApp/cmd/web/forms.go:45.2,45.13 1 1
webApp/cmd/web/forms.go:49.43,50.31 1 1
webApp/cmd/web/forms.go:50.31,52.37 2 1
webApp/cmd/web/forms.go:52.37,54.4 1 1
webApp/cmd/web/forms.go:60.52,61.9 1 1
webApp/cmd/web/forms.go:61.9,63.3 1 1
webApp/cmd/web/forms.go:67.29,69.2 1 1
webApp/cmd/web/handlers.go:20.70,24.45 2 1
webApp/cmd/web/handlers.go:24.45,27.3 2 1
webApp/cmd/web/handlers.go:27.8,30.3 1 1
webApp/cmd/web/handlers.go:31.2,31.67 1 1
webApp/cmd/web/handlers.go:34.73,36.2 1 0
webApp/cmd/web/handlers.go:46.106,50.16 2 1
webApp/cmd/web/handlers.go:50.16,53.3 2 1
webApp/cmd/web/handlers.go:55.2,61.45 4 1
webApp/cmd/web/handlers.go:61.45,63.3 1 0
webApp/cmd/web/handlers.go:66.2,67.16 2 1
webApp/cmd/web/handlers.go:67.16,69.3 1 0
webApp/cmd/web/handlers.go:71.2,71.12 1 1
webApp/cmd/web/handlers.go:74.71,77.16 2 1
webApp/cmd/web/handlers.go:77.16,81.3 3 0
webApp/cmd/web/handlers.go:84.2,87.19 3 1
webApp/cmd/web/handlers.go:87.19,92.3 3 1
webApp/cmd/web/handlers.go:94.2,98.16 4 1
webApp/cmd/web/handlers.go:98.16,103.3 3 1
webApp/cmd/web/handlers.go:107.2,107.42 1 1
webApp/cmd/web/handlers.go:107.42,111.3 3 1
webApp/cmd/web/handlers.go:115.2,119.59 3 1
webApp/cmd/web/handlers.go:122.94,123.72 1 1
webApp/cmd/web/handlers.go:123.72,125.3 1 1
webApp/cmd/web/handlers.go:127.2,128.13 2 1
webApp/cmd/web/handlers.go:131.82,134.16 2 1
webApp/cmd/web/handlers.go:134.16,137.3 2 0
webApp/cmd/web/handlers.go:140.2,150.16 4 1
webApp/cmd/web/handlers.go:150.16,153.3 2 0
webApp/cmd/web/handlers.go:156.2,157.16 2 1
webApp/cmd/web/handlers.go:157.16,160.3 2 0
webApp/cmd/web/handlers.go:162.2,165.59 2 1
webApp/cmd/web/handlers.go:173.97,177.16 3 1
webApp/cmd/web/handlers.go:177.16,179.3 1 0
webApp/cmd/web/handlers.go:182.2,182.48 1 1
webApp/cmd/web/handlers.go:182.48,183.32 1 1
webApp/cmd/web/handlers.go:183.32,184.86 1 1
webApp/cmd/web/handlers.go:184.86,188.19 3 1
webApp/cmd/web/handlers.go:188.19,190.6 1 0
webApp/cmd/web/handlers.go:191.5,197.102 4 1
webApp/cmd/web/handlers.go:197.102,199.6 1 0
webApp/cmd/web/handlers.go:199.11,202.20 3 1
webApp/cmd/web/handlers.go:202.20,204.7 1 0
webApp/cmd/web/handlers.go:205.6,205.38 1 1
webApp/cmd/web/handlers.go:208.5,210.30 2 1
webApp/cmd/web/handlers.go:212.4,212.18 1 1
webApp/cmd/web/handlers.go:212.18,214.5 1 0
webApp/cmd/web/handlers.go:218.2,218.27 1 1
webApp/cmd/web/main.go:21.13,33.16 6 0
webApp/cmd/web/main.go:33.16,35.3 1 0
webApp/cmd/web/main.go:36.2,48.16 6 0
webApp/cmd/web/main.go:48.16,50.3 1 0
webApp/cmd/web/middleware.go:14.67,16.2 1 1
webApp/cmd/web/middleware.go:18.72,19.71 1 1
webApp/cmd/web/middleware.go:19.71,23.17 3 1
webApp/cmd/web/middleware.go:23.17,25.20 2 1
webApp/cmd/web/middleware.go:25.20,27.5 1 1
webApp/cmd/web/middleware.go:28.4,28.60 1 1
webApp/cmd/web/middleware.go:29.9,31.4 1 1
webApp/cmd/web/middleware.go:32.3,32.40 1 1
webApp/cmd/web/middleware.go:37.45,39.16 2 1
webApp/cmd/web/middleware.go:39.16,41.3 1 1
webApp/cmd/web/middleware.go:43.2,44.19 2 1
webApp/cmd/web/middleware.go:44.19,46.3 1 1
webApp/cmd/web/middleware.go:49.2,50.22 2 1
webApp/cmd/web/middleware.go:50.22,52.3 1 1
webApp/cmd/web/middleware.go:54.2,54.18 1 1
webApp/cmd/web/middleware.go:54.18,56.3 1 0
webApp/cmd/web/middleware.go:58.2,58.16 1 1
webApp/cmd/web/middleware.go:61.62,62.71 1 1
webApp/cmd/web/middleware.go:62.71,63.47 1 1
webApp/cmd/web/middleware.go:63.47,67.4 3 1
webApp/cmd/web/middleware.go:68.3,68.23 1 1
webApp/cmd/web/routes.go:10.47,24.42 7 1
webApp/cmd/web/routes.go:24.42,28.3 3 1
webApp/cmd/web/routes.go:35.2,38.12 3 1
webApp/cmd/web/sessions.go:10.39,18.2 6 1
